[07:47:52][L][GREETING] 20220301! F**k you, my neighbor!
[08:03:17][L][SYSTEM] Terminal start requested.
[08:03:17][L][SYSTEM] Terminal is already running.
[09:09:21][L][SYSTEM] Terminal stop requested.
[09:09:21][L][SYSTEM] Terminal stopped.
[09:09:24][L][SYSTEM] Terminal start requested.
[09:09:27][L][SYSTEM] Terminal started.
[09:15:20][L][SYSTEM] Terminal start requested.
[09:15:21][L][SYSTEM] Terminal is already running.
[09:15:50][L][SYSTEM] Terminal stop requested.
[09:15:51][L][SYSTEM] Terminal stopped.
[09:17:08][L][SYSTEM] Terminal start requested.
[09:17:11][L][SYSTEM] Terminal started.
[10:20:08][L][SYSTEM] Terminal stop requested.
[10:20:09][L][SYSTEM] Terminal stopped.
[10:20:11][L][SYSTEM] Terminal start requested.
[10:20:13][L][SYSTEM] Terminal started.
[12:23:49][L][SYSTEM] Terminal stop requested.
[12:23:51][L][SYSTEM] Terminal stopped.
[12:23:52][L][SYSTEM] Terminal start requested.
[12:23:54][L][SYSTEM] Terminal started.
[12:34:12][L][SYSTEM] Terminal stop requested.
[12:34:13][L][SYSTEM] Terminal stopped.
[12:34:21][L][SYSTEM] Terminal start requested.
[12:34:23][L][SYSTEM] Terminal started.
[17:18:37][L][SYSTEM] Terminal start requested.
[17:18:37][L][SYSTEM] Terminal is already running.
[17:18:43][L][SYSTEM] Terminal start requested.
[17:18:43][L][SYSTEM] Terminal is already running.
[17:18:49][L][SYSTEM] Terminal stop requested.
[17:18:49][L][SYSTEM] Terminal stopped.
[17:18:51][L][SYSTEM] Terminal start requested.
[17:18:54][L][SYSTEM] Terminal started.
[17:21:57][L][SYSTEM] Terminal stop requested.
[17:21:58][L][SYSTEM] Terminal stopped.
[17:21:59][L][SYSTEM] Terminal start requested.
[17:22:01][L][SYSTEM] Terminal started.
[17:23:15][L][SYSTEM] Terminal stop requested.
[17:23:16][L][SYSTEM] Terminal stopped.
[17:23:18][L][SYSTEM] Terminal start requested.
[17:23:20][L][SYSTEM] Terminal started.
