[11:56:40][L][GREETING] 20220305! F**k you, my neighbor!
[19:26:55][L][SYSTEM] Terminal start requested.
[19:26:59][L][SYSTEM] Terminal started.
[19:49:49][L][SYSTEM] Terminal start requested.
[19:49:50][L][SYSTEM] Terminal is already running.
[19:49:52][L][SYSTEM] Terminal stop requested.
[19:49:54][L][SYSTEM] Terminal stopped.
[19:49:54][L][SYSTEM] Terminal start requested.
[19:49:58][L][SYSTEM] Terminal started.
[20:30:03][L][SYSTEM] Terminal restart requested.
[20:30:07][L][SYSTEM] Terminal restarted.
[20:30:32][L][SYSTEM] Terminal restart requested.
[20:30:36][L][SYSTEM] Terminal restarted.
[20:30:56][L][SYSTEM] Terminal restart requested.
[20:31:00][L][SYSTEM] Terminal restarted.
[20:46:39][L][SYSTEM] Terminal start requested.
[20:46:39][L][SYSTEM] Terminal is already running.
[21:54:31][L][SYSTEM] Terminal restart requested.
[21:54:36][L][SYSTEM] Terminal restarted.
[21:55:08][L][SYSTEM] Terminal restart requested.
[21:55:12][L][SYSTEM] Terminal restarted.
[22:11:33][L][SYSTEM] Terminal restart requested.
[22:11:38][L][SYSTEM] Terminal restarted.
[22:12:49][L][SYSTEM] Terminal restart requested.
[22:12:53][L][SYSTEM] Terminal restarted.
[22:15:38][L][SYSTEM] Terminal restart requested.
[22:15:42][L][SYSTEM] Terminal restarted.
[22:42:37][L][CLASSROOM] Revoked 5fed8056.
[22:42:38][L][CLASSROOM] Revoked a474709d.
[22:42:39][L][CLASSROOM] Revoked f0215fa7.
[22:42:42][L][CLASSROOM] Revoked be9b2f54.
[22:42:43][L][CLASSROOM] Revoked 47c8eaeb.
[22:42:44][L][CLASSROOM] Revoked c551784e.
[22:42:46][L][CLASSROOM] Revoked c3e58389.
[22:42:47][L][CLASSROOM] Revoked edbc6d25.
[22:42:48][L][CLASSROOM] Revoked c85e4341.
[22:42:50][L][CLASSROOM] Revoked 8160d371.
[22:42:51][L][CLASSROOM] Revoked bc95465a.
[22:42:53][L][CLASSROOM] Revoked a9720e0c.
[22:42:54][L][CLASSROOM] Revoked 3add45c9.
[22:42:55][L][CLASSROOM] Revoked 56aea539.
[22:42:57][L][CLASSROOM] Revoked 694c027e.
[22:42:58][L][CLASSROOM] Revoked 7b0e52e6.
[22:42:59][L][CLASSROOM] Revoked a37314b2.
[22:43:01][L][CLASSROOM] Revoked deefe443.
[22:43:02][L][CLASSROOM] Revoked 11867de8.
[22:43:03][L][CLASSROOM] Revoked ab24ca8d.
[22:43:05][L][CLASSROOM] Revoked f6b29fb1.
[22:43:06][L][CLASSROOM] Revoked 310649b0.
[22:43:42][L][CLASSROOM] Written 6a73a379 as "card".
[22:43:43][L][CLASSROOM] Written 46acc476 as "card".
[22:43:45][L][CLASSROOM] Written f13ceb5b as "card".
[22:43:46][L][CLASSROOM] Written edbc6d25 as "card".
[22:43:47][L][CLASSROOM] Written 26f48226 as "card".
[22:43:49][L][CLASSROOM] Written f0215fa7 as "card".
[22:43:50][L][CLASSROOM] Written 8160d371 as "card".
[22:43:52][L][CLASSROOM] Written a37314b2 as "card".
[22:43:53][L][CLASSROOM] Written 3add45c9 as "card".
[22:43:54][L][CLASSROOM] Written deefe443 as "card".
[22:43:56][L][CLASSROOM] Written 310649b0 as "card".
[22:43:57][L][CLASSROOM] Written c85e4341 as "card".
[22:43:58][L][CLASSROOM] Written bc95465a as "card".
[22:44:00][L][CLASSROOM] Written a70e651f as "card".
[22:44:01][L][CLASSROOM] Written ab24ca8d as "card".
[22:44:03][L][CLASSROOM] Written 5fed8056 as "card".
[22:44:04][L][CLASSROOM] Written 2bb9bbcd as "card".
[22:44:05][L][CLASSROOM] Written a474709d as "card".
[22:44:07][L][CLASSROOM] Written f6b29fb1 as "card".
[22:44:08][L][CLASSROOM] Written be9b2f54 as "card".
[22:44:09][L][CLASSROOM] Written 42e3f74d as "card".
[22:44:11][L][CLASSROOM] Written bcfcf84e as "card".
[22:44:12][L][CLASSROOM] Written 0856ef98 as "card".
[22:44:13][L][CLASSROOM] Written 29931b2d as "card".
[22:44:15][L][CLASSROOM] Written f473fdea as "card".
[22:44:16][L][CLASSROOM] Written 47c8eaeb as "card".
[22:44:18][L][CLASSROOM] Written c551784e as "card".
[22:44:19][L][CLASSROOM] Written f0b678c1 as "card".
[22:44:20][L][CLASSROOM] Written 56aea539 as "card".
[22:44:22][L][CLASSROOM] Written a9720e0c as "card".
[22:44:23][L][CLASSROOM] Written c3e58389 as "card".
[22:44:24][L][CLASSROOM] Written 7b0e52e6 as "card".
[22:44:26][L][CLASSROOM] Written 7810d469 as "card".
[22:44:27][L][CLASSROOM] Written 694c027e as "card".
[22:44:29][L][CLASSROOM] Written fed4cb31 as "card".
[22:44:30][L][CLASSROOM] Written e486b5df as "card".
[22:44:31][L][CLASSROOM] Written c73a3716 as "card".
[22:44:33][L][CLASSROOM] Written 650ad2ac as "card".
[22:44:34][L][CLASSROOM] Written 11867de8 as "card".
