[00:00:37][L][GREETING] 20220306! F**k you, my neighbor!
[07:49:02][L][CLASSROOM] Revoked 11867de8.
[07:49:03][L][CLASSROOM] Revoked 694c027e.
[07:49:05][L][CLASSROOM] Revoked 46acc476.
[07:49:06][L][CLASSROOM] Revoked f13ceb5b.
[07:49:07][L][CLASSROOM] Revoked 26f48226.
[07:49:09][L][CLASSROOM] Revoked 42e3f74d.
[07:49:10][L][CLASSROOM] Revoked ab24ca8d.
[07:49:11][L][CLASSROOM] Revoked 5fed8056.
[07:49:13][L][CLASSROOM] Revoked edbc6d25.
[07:49:14][L][CLASSROOM] Revoked 310649b0.
[07:49:16][L][CLASSROOM] Revoked c85e4341.
[07:49:17][L][CLASSROOM] Revoked e486b5df.
[07:49:18][L][CLASSROOM] Revoked f0215fa7.
[07:49:20][L][CLASSROOM] Revoked c73a3716.
[07:49:21][L][CLASSROOM] Revoked fed4cb31.
[07:49:23][L][CLASSROOM] Revoked 2bb9bbcd.
[07:49:24][L][CLASSROOM] Revoked 56aea539.
[07:49:25][L][CLASSROOM] Revoked 650ad2ac.
[07:49:27][L][CLASSROOM] Revoked f473fdea.
[07:49:28][L][CLASSROOM] Revoked f6b29fb1.
[07:49:29][L][CLASSROOM] Revoked bcfcf84e.
[07:49:31][L][CLASSROOM] Revoked 6a73a379.
[07:49:32][L][CLASSROOM] Revoked 47c8eaeb.
[07:50:45][L][CLASSROOM] Written 46acc476 as "card".
[07:50:46][L][CLASSROOM] Written e486b5df as "face".
[07:50:48][L][CLASSROOM] Written 11867de8 as "face".
[07:50:49][L][CLASSROOM] Written 2bb9bbcd as "face".
[07:50:50][L][CLASSROOM] Written 42e3f74d as "card".
[07:50:52][L][CLASSROOM] Written f6b29fb1 as "face".
[07:50:53][L][CLASSROOM] Written 26f48226 as "card".
[07:50:55][L][CLASSROOM] Written 5fed8056 as "face".
[07:50:56][L][CLASSROOM] Written f13ceb5b as "card".
[07:50:57][L][CLASSROOM] Written 310649b0 as "face".
[07:50:59][L][CLASSROOM] Written fed4cb31 as "face".
[07:51:00][L][CLASSROOM] Written 6a73a379 as "face".
[07:51:01][L][CLASSROOM] Written edbc6d25 as "card".
[07:51:03][L][CLASSROOM] Written 56aea539 as "face".
[07:51:04][L][CLASSROOM] Written 650ad2ac as "face".
[07:51:06][L][CLASSROOM] Written c70b3382 as "card".
[07:51:07][L][CLASSROOM] Written 694c027e as "card".
[07:51:08][L][CLASSROOM] Written f0215fa7 as "card".
[07:51:10][L][CLASSROOM] Written bcfcf84e as "face".
[07:51:11][L][CLASSROOM] Written 47c8eaeb as "card".
[07:51:12][L][CLASSROOM] Written c85e4341 as "card".
[07:51:14][L][CLASSROOM] Written c73a3716 as "card".
[07:51:15][L][CLASSROOM] Written ab24ca8d as "card".
[07:51:17][L][CLASSROOM] Written f473fdea as "face".
[07:51:21][L][SYSTEM] Terminal restart requested.
[07:51:25][L][SYSTEM] Terminal restarted.
[08:37:37][L][CLASSROOM] Written 1b3b652c as "card".
[11:01:57][L][SYSTEM] Terminal stop requested.
[11:01:59][L][SYSTEM] Terminal stopped.
[11:02:03][L][SYSTEM] Terminal start requested.
[11:02:07][L][SYSTEM] Terminal started.
[11:11:32][L][SYSTEM] Terminal stop requested.
[11:11:34][L][SYSTEM] Terminal stopped.
[11:11:36][L][SYSTEM] Terminal start requested.
[11:11:40][L][SYSTEM] Terminal started.
[12:44:05][L][CLASSROOM] Revoked 2bb9bbcd.
[12:44:06][L][CLASSROOM] Revoked 26f48226.
[12:44:07][L][CLASSROOM] Revoked 6a73a379.
[12:45:58][L][CLASSROOM] Written 6a73a379 as "card".
[12:45:59][L][CLASSROOM] Written 26f48226 as "face".
[12:46:00][L][CLASSROOM] Written 2bb9bbcd as "card".
[12:46:03][L][SYSTEM] Terminal restart requested.
[12:46:08][L][SYSTEM] Terminal restarted.
[14:02:28][L][SYSTEM] Terminal stop requested.
[14:02:31][L][SYSTEM] Terminal stopped.
