[19:35:08][L][SYSTEM] Terminal restart requested.
[19:35:12][L][SYSTEM] Terminal restarted.
[19:38:10][L][SYSTEM] Terminal stop requested.
[19:38:12][L][SYSTEM] Terminal stopped.
[19:38:15][L][SYSTEM] Terminal start requested.
[19:38:18][L][SYSTEM] Terminal started.
[19:38:40][L][SYSTEM] Terminal start requested.
[19:38:41][L][SYSTEM] Terminal is already running.
[19:40:30][L][SYSTEM] Terminal start requested.
[19:40:31][L][SYSTEM] Terminal is already running.
[19:40:31][L][SYSTEM] Terminal stop requested.
[19:40:33][L][SYSTEM] Terminal stopped.
[19:40:33][L][SYSTEM] Terminal start requested.
[19:40:37][L][SYSTEM] Terminal started.
[19:45:01][L][SYSTEM] Terminal start requested.
[19:45:02][L][SYSTEM] Terminal is already running.
[19:46:34][L][SYSTEM] Terminal start requested.
[19:46:35][L][SYSTEM] Terminal is already running.
[20:13:30][L][SYSTEM] Terminal stop requested.
[20:13:31][L][SYSTEM] Terminal stopped.
[20:13:32][L][SYSTEM] Terminal start requested.
[20:13:35][L][SYSTEM] Terminal started.
[20:13:36][L][SYSTEM] Terminal stop requested.
[20:13:37][L][SYSTEM] Terminal stopped.
[20:13:38][L][SYSTEM] Terminal start requested.
[20:13:41][L][SYSTEM] Terminal started.
[20:13:41][L][SYSTEM] Terminal stop requested.
[20:13:43][L][SYSTEM] Terminal stopped.
[20:13:59][L][SYSTEM] Terminal stop requested.
[20:14:00][L][SYSTEM] Terminal already stopped.
[20:14:01][L][SYSTEM] Terminal start requested.
[20:14:04][L][SYSTEM] Terminal started.
[20:14:05][L][SYSTEM] Terminal start requested.
[20:14:06][L][SYSTEM] Terminal is already running.
[20:14:06][L][SYSTEM] Terminal start requested.
[20:14:07][L][SYSTEM] Terminal is already running.
[20:14:07][L][SYSTEM] Terminal start requested.
[20:14:08][L][SYSTEM] Terminal is already running.
[20:14:09][L][SYSTEM] Terminal start requested.
[20:14:09][L][SYSTEM] Terminal is already running.
[20:31:11][L][SYSTEM] Terminal start requested.
[20:31:11][L][SYSTEM] Terminal is already running.
[20:31:13][L][SYSTEM] Terminal stop requested.
[20:31:15][L][SYSTEM] Terminal stopped.
[20:31:17][L][SYSTEM] Terminal start requested.
[20:31:20][L][SYSTEM] Terminal started.
[20:33:56][L][SYSTEM] Terminal start requested.
[20:33:56][L][SYSTEM] Terminal is already running.
[20:33:58][L][SYSTEM] Terminal start requested.
[20:33:59][L][SYSTEM] Terminal is already running.
[20:37:48][L][SYSTEM] Terminal start requested.
[20:37:49][L][SYSTEM] Terminal is already running.
[20:43:40][L][SYSTEM] Terminal stop requested.
[20:43:42][L][SYSTEM] Terminal stopped.
[20:43:47][L][SYSTEM] Terminal start requested.
[20:43:50][L][SYSTEM] Terminal started.
[20:48:47][L][SYSTEM] Terminal stop requested.
[20:48:49][L][SYSTEM] Terminal stopped.
[20:48:49][L][SYSTEM] Terminal start requested.
[20:48:53][L][SYSTEM] Terminal started.
[21:21:47][L][SYSTEM] Terminal stop requested.
[21:21:49][L][SYSTEM] Terminal stopped.
[21:21:51][L][SYSTEM] Terminal start requested.
[21:21:55][L][SYSTEM] Terminal started.
