[12:34:24][L][SYSTEM] Terminal stop requested.
[12:34:25][L][SYSTEM] Terminal stopped.
[12:35:37][L][SYSTEM] Terminal start requested.
[12:35:40][L][SYSTEM] Terminal started.
[12:37:15][L][SYSTEM] Terminal start requested.
[12:37:18][L][SYSTEM] Terminal started.
[12:38:13][L][SYSTEM] Terminal start requested.
[12:38:13][E][SYSTEM] Cannot start terminal because DesktopLaunchDaemon is not running.
[12:39:12][L][SYSTEM] Terminal start requested.
[12:39:15][L][SYSTEM] Terminal started.
[12:40:45][L][SYSTEM] Terminal start requested.
[12:40:47][L][SYSTEM] Terminal started.
[12:44:03][L][SYSTEM] Terminal start requested.
[12:44:03][L][SYSTEM] Terminal is already running.
[12:44:06][L][SYSTEM] Terminal stop requested.
[12:44:07][L][SYSTEM] Terminal stopped.
[12:44:08][L][SYSTEM] Terminal start requested.
[12:44:11][L][SYSTEM] Terminal started.
[14:00:06][L][SYSTEM] Terminal stop requested.
[14:00:07][L][SYSTEM] Terminal stopped.
[14:00:17][L][SYSTEM] Terminal start requested.
[14:00:20][L][SYSTEM] Terminal started.
[14:01:04][L][SYSTEM] Terminal start requested.
[14:01:06][L][SYSTEM] Terminal started.
[14:01:55][L][SYSTEM] Terminal start requested.
[14:01:58][L][SYSTEM] Terminal started.
[14:02:21][L][SYSTEM] Terminal start requested.
[14:02:24][L][SYSTEM] Terminal started.
[14:02:35][L][SYSTEM] Terminal start requested.
[14:02:37][L][SYSTEM] Terminal started.
[14:03:09][L][SYSTEM] Terminal start requested.
[14:03:12][L][SYSTEM] Terminal started.
[17:01:11][L][SYSTEM] Terminal stop requested.
[17:01:12][L][SYSTEM] Terminal stopped.
[17:04:40][L][DEBUG] Test start D:/杭二中/SmartBoardHost\ 3.4.3.106全包/GS.Terminal.SmartBoard.exe
[17:05:30][L][DEBUG] Test start D:/杭二中/SmartBoardHost\ 3.4.3.106全包/GS.Terminal.SmartBoard.exe
[17:05:57][L][DEBUG] Test start D:\杭二中\SmartBoardHost\ 3.4.3.106全包\GS.Terminal.SmartBoard.exe
[17:06:39][L][DEBUG] Test start "calc"
[17:08:07][L][DEBUG] Test start "D:/杭二中/SmartBoardHost\ 3.4.3.106全包/GS.Terminal.SmartBoard.exe"
[17:10:33][L][DEBUG] Test start "D:/杭二中/SmartBoardHost\ 3.4.3.106全包/GS.Terminal.SmartBoard.exe"
[17:10:47][L][DEBUG] Test start "D:/杭二中/SmartBoardHost\ 3.4.3.106全包/GS.Terminal.SmartBoard.exe"
[17:11:29][L][DEBUG] Test start "D:\\杭二中\\SmartBoardHost\ 3.4.3.106全包\\GS.Terminal.SmartBoard.exe"
[17:11:44][L][DEBUG] Test start "D:\杭二中\SmartBoardHost\ 3.4.3.106全包\GS.Terminal.SmartBoard.exe"
[17:14:47][L][DEBUG] Test start "D:\杭二中\SmartBoardHost 3.4.3.106全包\GS.Terminal.SmartBoard.exe"
[17:15:40][L][SYSTEM] Terminal stop requested.
[17:15:41][L][SYSTEM] Terminal stopped.
[17:16:28][L][DEBUG] Test start calc
[17:16:47][L][DEBUG] Test start start "D:/杭二中/SmartBoardHost 3.4.3.106全包/GS.Terminal.SmartBoard.exe"
[17:21:04][L][SYSTEM] Terminal start requested.
[17:21:05][L][SYSTEM] Terminal is already running.
[17:21:12][L][SYSTEM] Terminal stop requested.
[17:21:13][L][SYSTEM] Terminal stopped.
[17:21:16][L][SYSTEM] Terminal start requested.
[17:21:19][L][SYSTEM] Terminal started.
[17:22:19][L][SYSTEM] Terminal start requested.
[17:22:21][L][SYSTEM] Terminal started.
[17:23:29][L][SYSTEM] Terminal start requested.
[17:23:31][L][SYSTEM] Terminal started.
[17:24:31][L][SYSTEM] Terminal stop requested.
[17:24:32][L][SYSTEM] Terminal stopped.
[17:24:32][L][SYSTEM] Terminal start requested.
[17:24:35][L][SYSTEM] Terminal started.
[17:25:28][L][SYSTEM] Terminal start requested.
[17:25:31][L][SYSTEM] Terminal started.
[17:26:09][L][SYSTEM] Terminal start requested.
[17:26:11][L][SYSTEM] Terminal started.
[17:26:43][L][SYSTEM] Terminal stop requested.
[17:26:44][L][SYSTEM] Terminal stopped.
[17:31:26][L][SYSTEM] Terminal start requested.
[17:31:29][L][SYSTEM] Terminal started.
[17:31:47][L][SYSTEM] Terminal start requested.
[17:31:50][L][SYSTEM] Terminal started.
[17:32:35][L][SYSTEM] Terminal stop requested.
[17:32:36][L][SYSTEM] Terminal stopped.
[17:32:40][L][SYSTEM] Terminal start requested.
[17:32:43][L][SYSTEM] Terminal started.
[21:31:19][L][SYSTEM] Terminal stop requested.
[21:31:20][L][SYSTEM] Terminal stopped.
[21:31:21][L][SYSTEM] Terminal start requested.
[21:31:24][L][SYSTEM] Terminal started.
[21:37:29][L][SYSTEM] Terminal stop requested.
[21:37:30][L][SYSTEM] Terminal stopped.
[21:37:31][L][SYSTEM] Terminal stop requested.
[21:37:31][L][SYSTEM] Terminal already stopped.
[21:37:32][L][SYSTEM] Terminal start requested.
[21:37:34][L][SYSTEM] Terminal started.
[21:49:11][L][SYSTEM] Terminal stop requested.
[21:49:11][L][SYSTEM] Terminal stopped.
[21:49:13][L][SYSTEM] Terminal start requested.
[21:49:16][L][SYSTEM] Terminal started.
